Reading netlist file: "C:\git programing projects\SysVerilog\essentials_gates\impl\gwsynthesis\essentials_gates.vg"
Parsing netlist file "C:\git programing projects\SysVerilog\essentials_gates\impl\gwsynthesis\essentials_gates.vg" completed
Processing netlist completed
Reading constraint file: "C:\git programing projects\SysVerilog\essentials_gates\src\essentials_gates.cst"
Physical Constraint parsed completed
Running placement......
[10%] Placement Phase 0 completed
[20%] Placement Phase 1 completed
[30%] Placement Phase 2 completed
[50%] Placement Phase 3 completed
Running routing......
[60%] Routing Phase 0 completed
[70%] Routing Phase 1 completed
[80%] Routing Phase 2 completed
[90%] Routing Phase 3 completed
Running timing analysis......
[95%] Timing analysis completed
Placement and routing completed
Bitstream generation in progress......
Bitstream generation completed
Running power analysis......
[100%] Power analysis completed
Generate file "C:\git programing projects\SysVerilog\essentials_gates\impl\pnr\essentials_gates.power.html" completed
Generate file "C:\git programing projects\SysVerilog\essentials_gates\impl\pnr\essentials_gates.pin.html" completed
Generate file "C:\git programing projects\SysVerilog\essentials_gates\impl\pnr\essentials_gates.rpt.html" completed
Generate file "C:\git programing projects\SysVerilog\essentials_gates\impl\pnr\essentials_gates.rpt.txt" completed
Generate file "C:\git programing projects\SysVerilog\essentials_gates\impl\pnr\essentials_gates.tr.html" completed
Wed Mar  6 12:32:57 2024

